<?xml version="1.0" encoding="UTF-8"?>
<!-- Generated by org.testng.reporters.JUnitReportReporter -->
<testsuite hostname="SATISH" failures="0" tests="2" name="crossBrowserTest.CrossBrowser" time="20.747" errors="0" timestamp="2024-03-19T12:40:42 IST" skipped="0">
  <testcase classname="crossBrowserTest.CrossBrowser" name="citibanklogin" time="10.923"/>
  <system-out/>
  <testcase classname="crossBrowserTest.CrossBrowser" name="citibanklogin" time="9.824"/>
  <system-out/>
</testsuite> <!-- crossBrowserTest.CrossBrowser -->
