<?xml version="1.0" encoding="UTF-8"?>
<!-- Generated by org.testng.reporters.JUnitReportReporter -->
<testsuite hostname="SATISH" failures="0" tests="1" name="registerpack.TCRF001" time="4.985" errors="0" timestamp="2024-01-31T13:18:20 IST" skipped="0">
  <testcase classname="registerpack.TCRF001" name="registerAccountWithAllFields" time="4.985"/>
  <system-out/>
</testsuite> <!-- registerpack.TCRF001 -->
