<?xml version="1.0" encoding="UTF-8"?>
<!-- Generated by org.testng.reporters.JUnitReportReporter -->
<testsuite hostname="SATISH" failures="0" tests="8" name="registerpack.RegistrationTestCases" time="44.805" errors="0" timestamp="2024-03-26T22:17:36 IST" skipped="0">
  <testcase classname="registerpack.RegistrationTestCases" name="registerAccountWithMandatoryFields" time="4.637"/>
  <system-out/>
  <testcase classname="registerpack.RegistrationTestCases" name="registerAccountWithAllFields" time="3.937"/>
  <system-out/>
  <testcase classname="registerpack.RegistrationTestCases" name="registerWithoutProvidingAnyFields" time="2.715"/>
  <system-out/>
  <testcase classname="registerpack.RegistrationTestCases" name="registerAccountBySelectingYesNewsLetterOption" time="4.243"/>
  <system-out/>
  <testcase classname="registerpack.RegistrationTestCases" name="registerAccountBySelectingNoNewsLetterOption" time="3.953"/>
  <system-out/>
  <testcase classname="registerpack.RegistrationTestCases" name="registerAccountPageNavigations" time="13.669"/>
  <system-out/>
  <testcase classname="registerpack.RegistrationTestCases" name="registerAccountByProvidingMismatchingPasswords" time="8.791"/>
  <system-out/>
  <testcase classname="registerpack.RegistrationTestCases" name="registerDuplicateAccountWithSameEmail" time="2.860"/>
  <system-out/>
</testsuite> <!-- registerpack.RegistrationTestCases -->
