<?xml version="1.0" encoding="UTF-8"?>
<!-- Generated by org.testng.reporters.JUnitReportReporter -->
<testsuite hostname="SATISH" failures="0" tests="3" name="testNGAnnotations.TestNG" time="0.013" errors="0" timestamp="2024-03-15T09:48:12 IST" skipped="0">
  <testcase classname="testNGAnnotations.TestNG" name="home" time="0.007"/>
  <system-out/>
  <testcase classname="testNGAnnotations.TestNG" name="register" time="0.001"/>
  <system-out/>
  <testcase classname="testNGAnnotations.TestNG" name="login" time="0.005"/>
  <system-out/>
</testsuite> <!-- testNGAnnotations.TestNG -->
