<?xml version="1.0" encoding="UTF-8"?>
<!-- Generated by org.testng.reporters.JUnitReportReporter -->
<testsuite hostname="SATISH" failures="0" tests="2" name="interviewPractice.Vegetable" time="0.002" errors="0" timestamp="2024-03-19T10:10:33 IST" skipped="0">
  <testcase classname="interviewPractice.Vegetable" name="orange" time="0.000"/>
  <system-out/>
  <testcase classname="interviewPractice.Vegetable" name="c" time="0.002"/>
  <system-out/>
</testsuite> <!-- interviewPractice.Vegetable -->
