<?xml version="1.0" encoding="UTF-8"?>
<!-- Generated by org.testng.reporters.JUnitReportReporter -->
<testsuite hostname="SATISH" failures="0" tests="3" name="testNGAnnotations.TestNG2" time="0.009" errors="0" timestamp="2024-02-22T22:29:04 IST" skipped="0">
  <testcase classname="testNGAnnotations.TestNG2" name="home" time="0.006"/>
  <system-out/>
  <testcase classname="testNGAnnotations.TestNG2" name="register" time="0.002"/>
  <system-out/>
  <testcase classname="testNGAnnotations.TestNG2" name="login" time="0.001"/>
  <system-out/>
</testsuite> <!-- testNGAnnotations.TestNG2 -->
