<?xml version="1.0" encoding="UTF-8"?>
<!-- Generated by org.testng.reporters.JUnitReportReporter -->
<testsuite hostname="SATISH" failures="0" tests="1" name="interviewPractice.sum" time="0.012" errors="0" timestamp="2024-03-19T10:10:33 IST" skipped="0">
  <testcase classname="interviewPractice.sum" name="add" time="0.012"/>
  <system-out/>
</testsuite> <!-- interviewPractice.sum -->
